<?xml version="1.0" encoding="UTF-8"?>
<!-- Generated by org.testng.reporters.JUnitXMLReporter -->
<testsuite hostname="A2ML13099" ignored="0" name="Test" tests="4" failures="0" timestamp="30 Mar 2020 16:53:48 GMT" time="46.116" errors="0">
  <testcase name="BookReturnTicketTest" time="5.027" classname="com.edureka.project.BookTicket.BookReturnCruiseTicket"/>
  <testcase name="BookReturnTicketTest" time="3.454" classname="com.edureka.project.BookTicket.BookReturnFlightTicketTest"/>
  <testcase name="validcredentialTest" time="0.027" classname="com.edureeka.project.Credentials.ValidateCredentialsTest"/>
  <testcase name="registerUser" time="4.436" classname="com.edureeka.project.Credentials.RegisterCredentials"/>
</testsuite> <!-- Test -->
