<?xml version="1.0" encoding="UTF-8"?>
<!-- Generated by org.testng.reporters.JUnitXMLReporter -->
<testsuite hostname="A2ML13099" ignored="0" name="Test" tests="4" failures="0" timestamp="30 Mar 2020 16:14:44 GMT" time="45.168" errors="0">
  <testcase name="BookReturnTicketTest" time="5.035" classname="com.edureka.project.BookTicket.BookReturnCruiseTicket"/>
  <testcase name="BookReturnTicketTest" time="3.347" classname="com.edureka.project.BookTicket.BookReturnFlightTicketTest"/>
  <testcase name="validcredentialTest" time="0.012" classname="com.edureeka.project.Credentials.ValidateCredentialsTest"/>
  <testcase name="registerUser" time="4.627" classname="com.edureeka.project.Credentials.RegisterCredentials"/>
</testsuite> <!-- Test -->
