<?xml version="1.0" encoding="UTF-8"?>
<testng-results skipped="0" failed="0" ignored="0" total="1" passed="1">
  <reporter-output>
  </reporter-output>
  <suite name="Default suite" duration-ms="12550" started-at="2020-03-30T16:16:51Z" finished-at="2020-03-30T16:17:03Z">
    <groups>
    </groups>
    <test name="Default test" duration-ms="12550" started-at="2020-03-30T16:16:51Z" finished-at="2020-03-30T16:17:03Z">
      <class name="com.edureeka.project.Credentials.RegisterCredentials">
        <test-method status="PASS" signature="launchSelectBrowser()[pri:0, instance:com.edureeka.project.Credentials.RegisterCredentials@12b0404f]" name="launchSelectBrowser" is-config="true" duration-ms="2645" started-at="2020-03-30T16:16:51Z" finished-at="2020-03-30T16:16:53Z">
          <reporter-output>
          </reporter-output>
        </test-method> <!-- launchSelectBrowser -->
        <test-method status="PASS" signature="loginTo()[pri:0, instance:com.edureeka.project.Credentials.RegisterCredentials@12b0404f]" name="loginTo" is-config="true" duration-ms="5501" started-at="2020-03-30T16:16:53Z" finished-at="2020-03-30T16:16:59Z">
          <reporter-output>
          </reporter-output>
        </test-method> <!-- loginTo -->
        <test-method status="PASS" signature="registerUser()[pri:0, instance:com.edureeka.project.Credentials.RegisterCredentials@12b0404f]" name="registerUser" duration-ms="4329" started-at="2020-03-30T16:16:59Z" finished-at="2020-03-30T16:17:03Z">
          <reporter-output>
          </reporter-output>
        </test-method> <!-- registerUser -->
        <test-method status="PASS" signature="logout()[pri:0, instance:com.edureeka.project.Credentials.RegisterCredentials@12b0404f]" name="logout" is-config="true" duration-ms="0" started-at="2020-03-30T16:17:03Z" finished-at="2020-03-30T16:17:03Z">
          <reporter-output>
          </reporter-output>
        </test-method> <!-- logout -->
        <test-method status="PASS" signature="closeBrowser()[pri:0, instance:com.edureeka.project.Credentials.RegisterCredentials@12b0404f]" name="closeBrowser" is-config="true" duration-ms="47" started-at="2020-03-30T16:17:03Z" finished-at="2020-03-30T16:17:03Z">
          <reporter-output>
          </reporter-output>
        </test-method> <!-- closeBrowser -->
      </class> <!-- com.edureeka.project.Credentials.RegisterCredentials -->
    </test> <!-- Default test -->
  </suite> <!-- Default suite -->
</testng-results>
